0 info it worked if it ends with ok
1 verbose cli [ '/usr/bin/nodejs', '/usr/bin/npm', 'install', '-g', 'bower' ]
2 info using npm@3.5.2
3 info using node@v4.2.6
4 silly loadCurrentTree Starting
5 silly install loadCurrentTree
6 silly install readGlobalPackageData
7 silly fetchPackageMetaData bower
8 silly fetchNamedPackageData bower
9 silly mapToRegistry name bower
10 silly mapToRegistry using default registry
11 silly mapToRegistry registry https://registry.npmjs.org/
12 silly mapToRegistry uri https://registry.npmjs.org/bower
13 verbose request uri https://registry.npmjs.org/bower
14 verbose request no auth needed
15 info attempt registry request try #1 at 9:31:17 PM
16 verbose request id 0874e27228fa751f
17 verbose etag W/"58dbb452-2af6b"
18 verbose lastModified Wed, 29 Mar 2017 13:19:14 GMT
19 http request GET https://registry.npmjs.org/bower
20 info retry will retry, error on last attempt: Error: tunneling socket could not be established, cause=write EPROTO
21 info attempt registry request try #2 at 9:31:27 PM
22 verbose etag W/"58dbb452-2af6b"
23 verbose lastModified Wed, 29 Mar 2017 13:19:14 GMT
24 http request GET https://registry.npmjs.org/bower
25 info retry will retry, error on last attempt: Error: tunneling socket could not be established, cause=write EPROTO
26 info attempt registry request try #3 at 9:32:27 PM
27 verbose etag W/"58dbb452-2af6b"
28 verbose lastModified Wed, 29 Mar 2017 13:19:14 GMT
29 http request GET https://registry.npmjs.org/bower
30 silly get cb [ 304, undefined ]
31 verbose etag https://registry.npmjs.org/bower from cache
32 verbose get saving bower to /home/prabhat/.npm/registry.npmjs.org/bower/.cache.json
33 silly install normalizeTree
34 silly loadCurrentTree Finishing
35 silly loadIdealTree Starting
36 silly install loadIdealTree
37 silly cloneCurrentTree Starting
38 silly install cloneCurrentTreeToIdealTree
39 silly cloneCurrentTree Finishing
40 silly loadShrinkwrap Starting
41 silly install loadShrinkwrap
42 silly loadShrinkwrap Finishing
43 silly loadAllDepsIntoIdealTree Starting
44 silly install loadAllDepsIntoIdealTree
45 silly resolveWithNewModule bower@1.8.0 checking installable status
46 silly cache add args [ 'bower', null ]
47 verbose cache add spec bower
48 silly cache add parsed spec Result {
48 silly cache add   raw: 'bower',
48 silly cache add   scope: null,
48 silly cache add   name: 'bower',
48 silly cache add   rawSpec: '',
48 silly cache add   spec: 'latest',
48 silly cache add   type: 'tag' }
49 silly addNamed bower@latest
50 verbose addNamed "latest" is being treated as a dist-tag for bower
51 info addNameTag [ 'bower', 'latest' ]
52 silly mapToRegistry name bower
53 silly mapToRegistry using default registry
54 silly mapToRegistry registry https://registry.npmjs.org/
55 silly mapToRegistry uri https://registry.npmjs.org/bower
56 verbose addNameTag registry:https://registry.npmjs.org/bower not in flight; fetching
57 verbose get https://registry.npmjs.org/bower not expired, no request
58 silly addNameTag next cb for bower with tag latest
59 silly addNamed bower@1.8.0
60 verbose addNamed "1.8.0" is a plain semver version for bower
61 silly cache afterAdd bower@1.8.0
62 verbose afterAdd /home/prabhat/.npm/bower/1.8.0/package/package.json not in flight; writing
63 verbose afterAdd /home/prabhat/.npm/bower/1.8.0/package/package.json written
64 silly loadAllDepsIntoIdealTree Finishing
65 silly idealTree:prePrune lib
65 silly idealTree:prePrune `-- bower@1.8.0
66 silly loadIdealTree Finishing
67 silly currentTree lib
67 silly currentTree `-- bower@1.8.0
68 silly idealTree lib
68 silly idealTree `-- bower@1.8.0
69 silly generateActionsToTake Starting
70 silly install generateActionsToTake
71 warn checkPermissions Missing write access to /usr/local/lib/node_modules/bower
72 warn checkPermissions Missing write access to /usr/local/lib/node_modules
73 silly rollbackFailedOptional Starting
74 silly rollbackFailedOptional Finishing
75 silly runTopLevelLifecycles Starting
76 silly runTopLevelLifecycles Finishing
77 silly install printInstalled
78 verbose stack Error: EACCES: permission denied, access '/usr/local/lib/node_modules/bower'
78 verbose stack     at Error (native)
79 verbose cwd /home/prabhat/Workspace/shubham/securityApp/securityApp
80 error Linux 4.4.0-72-generic
81 error argv "/usr/bin/nodejs" "/usr/bin/npm" "install" "-g" "bower"
82 error node v4.2.6
83 error npm  v3.5.2
84 error path /usr/local/lib/node_modules/bower
85 error code EACCES
86 error errno -13
87 error syscall access
88 error Error: EACCES: permission denied, access '/usr/local/lib/node_modules/bower'
88 error     at Error (native)
88 error  { [Error: EACCES: permission denied, access '/usr/local/lib/node_modules/bower']
88 error   errno: -13,
88 error   code: 'EACCES',
88 error   syscall: 'access',
88 error   path: '/usr/local/lib/node_modules/bower' }
89 error Please try running this command again as root/Administrator.
90 verbose exit [ -13, true ]
